2025-06-09 23:13:56,820 - XCModule.XC100_01 - INFO - 日誌文件: c:\Users\user\Documents\GitHub\DobotM1Project\Automation\XC100\xc_module_20250609.log
2025-06-09 23:13:56,820 - XCModule.XC100_01 - INFO - 初始化XC100動作模組: XC100_01
2025-06-09 23:13:56,821 - XCModule.XC100_01 - INFO - 配置文件路徑: c:\Users\user\Documents\GitHub\DobotM1Project\Automation\XC100\xc_module_config.json
2025-06-09 23:13:56,821 - XCModule.XC100_01 - INFO - 正在啟動XC100動作模組: XC100_01
2025-06-09 23:13:56,821 - XCModule.XC100_01 - INFO - 正在連接主Modbus Server: 127.0.0.1:502
2025-06-09 23:13:56,824 - XCModule.XC100_01 - INFO - ✅ 主Modbus Server連接成功
2025-06-09 23:13:56,824 - XCModule.XC100_01 - INFO - 正在連線XC100設備: COM5
2025-06-09 23:13:56,825 - pymodbus.logging - ERROR - could not open port 'COM5': PermissionError(13, '存取被拒。', None, 5)
2025-06-09 23:13:56,825 - XCModule.XC100_01 - ERROR - ❌ XC100設備連線失敗
2025-06-09 23:13:56,825 - XCModule.XC100_01 - WARNING - XC100設備連線失敗，但模組將繼續運行
2025-06-09 23:13:56,825 - XCModule.XC100_01 - INFO - 🔄 XC100動作模組狀態機開始運行
2025-06-09 23:13:56,825 - XCModule.XC100_01 - INFO - 狀態機已啟動
2025-06-09 23:13:56,825 - XCModule.XC100_01 - INFO - ✅ XC100動作模組啟動成功: XC100_01
2025-06-09 23:13:56,826 - XCModule.XC100_01 - INFO - 收到主服務器指令: MOVE_ABS, 參數: 2682, 0, ID: 60826
2025-06-09 23:13:56,826 - XCModule.XC100_01 - INFO - 🎯 執行指令: MOVE_ABS, 參數: 2682, 0
2025-06-09 23:13:56,826 - XCModule.XC100_01 - INFO - 指令完成: MOVE_ABS
2025-06-09 23:15:38,789 - XCModule.XC100_01 - INFO - 收到主服務器指令: MOVE_ABS, 參數: 400, 0, ID: 64154
2025-06-09 23:15:38,789 - XCModule.XC100_01 - INFO - 🎯 執行指令: MOVE_ABS, 參數: 400, 0
2025-06-09 23:15:38,789 - XCModule.XC100_01 - INFO - 指令完成: MOVE_ABS
2025-06-09 23:15:39,300 - XCModule.XC100_01 - INFO - 收到主服務器指令: MOVE_ABS, 參數: 400, 0, ID: 64155
2025-06-09 23:15:39,300 - XCModule.XC100_01 - INFO - 🎯 執行指令: MOVE_ABS, 參數: 400, 0
2025-06-09 23:15:39,300 - XCModule.XC100_01 - INFO - 指令完成: MOVE_ABS
2025-06-09 23:15:43,287 - XCModule.XC100_01 - INFO - 收到主服務器指令: MOVE_ABS, 參數: 400, 0, ID: 64159
2025-06-09 23:15:43,287 - XCModule.XC100_01 - INFO - 🎯 執行指令: MOVE_ABS, 參數: 400, 0
2025-06-09 23:15:43,287 - XCModule.XC100_01 - INFO - 指令完成: MOVE_ABS
2025-06-09 23:15:58,219 - XCModule.XC100_01 - INFO - 收到主服務器指令: MOVE_ABS, 參數: 400, 0, ID: 64174
2025-06-09 23:15:58,219 - XCModule.XC100_01 - INFO - 🎯 執行指令: MOVE_ABS, 參數: 400, 0
2025-06-09 23:15:58,219 - XCModule.XC100_01 - INFO - 指令完成: MOVE_ABS
