2025-06-12 13:48:58,928 - INFO - __init__:123 - Modbus TCP Server 應用程式初始化完成
2025-06-12 13:48:58,928 - INFO - run:567 - === Modbus TCP Server 啟動 (生產環境) ===
2025-06-12 13:48:58,928 - INFO - run:568 - Python 版本: 3.11.11 | packaged by Anaconda, Inc. | (main, Dec 11 2024, 16:34:19) [MSC v.1929 64 bit (AMD64)]
2025-06-12 13:48:58,928 - INFO - run:569 - 基礎路徑: C:\Users\user\Documents\GitHub\DobotM1Project\ModbusServer
2025-06-12 13:48:58,928 - INFO - write_register:252 - 寫入暫存器 0: 0 -> 100
2025-06-12 13:48:58,928 - INFO - write_register:252 - 寫入暫存器 1: 0 -> 200
2025-06-12 13:48:58,928 - INFO - write_register:252 - 寫入暫存器 10: 0 -> 1000
2025-06-12 13:48:58,929 - INFO - write_register:252 - 寫入暫存器 50: 0 -> 5000
2025-06-12 13:48:58,929 - INFO - write_register:252 - 寫入暫存器 100: 0 -> 12345
2025-06-12 13:48:58,929 - INFO - write_register:252 - 寫入暫存器 200: 0 -> 32768
2025-06-12 13:48:58,929 - INFO - write_register:252 - 寫入暫存器 500: 0 -> 65535
2025-06-12 13:48:58,929 - INFO - write_register:252 - 寫入暫存器 999: 0 -> 40000
2025-06-12 13:48:58,929 - INFO - initialize_test_data:546 - 測試數據和註解初始化完成 (無符號 0-65535 範圍)
2025-06-12 13:48:58,930 - INFO - start_web_server:501 - 啟動Web管理介面於 http://127.0.0.1:8000
2025-06-12 13:48:59,931 - INFO - start_modbus_server:484 - 啟動Modbus TCP Server於 0.0.0.0:502, SlaveID: 1
2025-06-12 13:49:23,773 - INFO - signal_handler:128 - 收到信號 2，正在優雅關閉伺服器...
2025-06-12 13:49:23,773 - INFO - shutdown:553 - 正在關閉伺服器...
2025-06-12 13:49:23,774 - INFO - shutdown:560 - 伺服器已關閉
2025-06-12 13:49:23,774 - INFO - shutdown:553 - 正在關閉伺服器...
2025-06-12 13:49:23,774 - INFO - shutdown:560 - 伺服器已關閉
2025-06-12 13:50:58,406 - INFO - load_comments:151 - 載入了 8 個暫存器註解
2025-06-12 13:50:58,409 - INFO - __init__:123 - Modbus TCP Server 應用程式初始化完成
2025-06-12 13:50:58,409 - INFO - run:567 - === Modbus TCP Server 啟動 (生產環境) ===
2025-06-12 13:50:58,409 - INFO - run:568 - Python 版本: 3.11.11 | packaged by Anaconda, Inc. | (main, Dec 11 2024, 16:34:19) [MSC v.1929 64 bit (AMD64)]
2025-06-12 13:50:58,409 - INFO - run:569 - 基礎路徑: C:\Users\user\Documents\GitHub\DobotM1Project\ModbusServer
2025-06-12 13:50:58,409 - INFO - write_register:252 - 寫入暫存器 0: 0 -> 100
2025-06-12 13:50:58,409 - INFO - write_register:252 - 寫入暫存器 1: 0 -> 200
2025-06-12 13:50:58,409 - INFO - write_register:252 - 寫入暫存器 10: 0 -> 1000
2025-06-12 13:50:58,410 - INFO - write_register:252 - 寫入暫存器 50: 0 -> 5000
2025-06-12 13:50:58,410 - INFO - write_register:252 - 寫入暫存器 100: 0 -> 12345
2025-06-12 13:50:58,410 - INFO - write_register:252 - 寫入暫存器 200: 0 -> 32768
2025-06-12 13:50:58,410 - INFO - write_register:252 - 寫入暫存器 500: 0 -> 65535
2025-06-12 13:50:58,410 - INFO - write_register:252 - 寫入暫存器 999: 0 -> 40000
2025-06-12 13:50:58,410 - INFO - initialize_test_data:546 - 測試數據和註解初始化完成 (無符號 0-65535 範圍)
2025-06-12 13:50:58,410 - INFO - start_web_server:501 - 啟動Web管理介面於 http://127.0.0.1:8000
2025-06-12 13:50:59,411 - INFO - start_modbus_server:484 - 啟動Modbus TCP Server於 0.0.0.0:502, SlaveID: 1
2025-06-12 13:53:01,744 - INFO - load_comments:151 - 載入了 8 個暫存器註解
2025-06-12 13:53:01,747 - INFO - __init__:123 - Modbus TCP Server 應用程式初始化完成
2025-06-12 13:53:01,747 - INFO - run:567 - === Modbus TCP Server 啟動 (生產環境) ===
2025-06-12 13:53:01,747 - INFO - run:568 - Python 版本: 3.11.11 | packaged by Anaconda, Inc. | (main, Dec 11 2024, 16:34:19) [MSC v.1929 64 bit (AMD64)]
2025-06-12 13:53:01,747 - INFO - run:569 - 基礎路徑: c:\Users\user\Documents\GitHub\DobotM1Project\ModbusServer
2025-06-12 13:53:01,747 - INFO - write_register:252 - 寫入暫存器 0: 0 -> 100
2025-06-12 13:53:01,747 - INFO - write_register:252 - 寫入暫存器 1: 0 -> 200
2025-06-12 13:53:01,747 - INFO - write_register:252 - 寫入暫存器 10: 0 -> 1000
2025-06-12 13:53:01,747 - INFO - write_register:252 - 寫入暫存器 50: 0 -> 5000
2025-06-12 13:53:01,747 - INFO - write_register:252 - 寫入暫存器 100: 0 -> 12345
2025-06-12 13:53:01,747 - INFO - write_register:252 - 寫入暫存器 200: 0 -> 32768
2025-06-12 13:53:01,748 - INFO - write_register:252 - 寫入暫存器 500: 0 -> 65535
2025-06-12 13:53:01,748 - INFO - write_register:252 - 寫入暫存器 999: 0 -> 40000
2025-06-12 13:53:01,748 - INFO - initialize_test_data:546 - 測試數據和註解初始化完成 (無符號 0-65535 範圍)
2025-06-12 13:53:01,748 - INFO - start_web_server:501 - 啟動Web管理介面於 http://127.0.0.1:8000
2025-06-12 13:53:02,749 - INFO - start_modbus_server:484 - 啟動Modbus TCP Server於 0.0.0.0:502, SlaveID: 1
2025-06-12 13:53:07,341 - INFO - signal_handler:128 - 收到信號 2，正在優雅關閉伺服器...
2025-06-12 13:53:07,341 - INFO - shutdown:553 - 正在關閉伺服器...
2025-06-12 13:53:07,341 - INFO - shutdown:560 - 伺服器已關閉
2025-06-12 13:53:07,342 - INFO - shutdown:553 - 正在關閉伺服器...
2025-06-12 13:53:07,342 - INFO - shutdown:560 - 伺服器已關閉
2025-06-12 13:53:14,536 - INFO - load_comments:151 - 載入了 8 個暫存器註解
2025-06-12 13:53:14,539 - INFO - __init__:123 - Modbus TCP Server 應用程式初始化完成
2025-06-12 13:53:14,539 - INFO - run:567 - === Modbus TCP Server 啟動 (生產環境) ===
2025-06-12 13:53:14,539 - INFO - run:568 - Python 版本: 3.11.11 | packaged by Anaconda, Inc. | (main, Dec 11 2024, 16:34:19) [MSC v.1929 64 bit (AMD64)]
2025-06-12 13:53:14,539 - INFO - run:569 - 基礎路徑: C:\Users\user\Documents\GitHub\DobotM1Project\ModbusServer
2025-06-12 13:53:14,539 - INFO - write_register:252 - 寫入暫存器 0: 0 -> 100
2025-06-12 13:53:14,539 - INFO - write_register:252 - 寫入暫存器 1: 0 -> 200
2025-06-12 13:53:14,539 - INFO - write_register:252 - 寫入暫存器 10: 0 -> 1000
2025-06-12 13:53:14,539 - INFO - write_register:252 - 寫入暫存器 50: 0 -> 5000
2025-06-12 13:53:14,539 - INFO - write_register:252 - 寫入暫存器 100: 0 -> 12345
2025-06-12 13:53:14,539 - INFO - write_register:252 - 寫入暫存器 200: 0 -> 32768
2025-06-12 13:53:14,539 - INFO - write_register:252 - 寫入暫存器 500: 0 -> 65535
2025-06-12 13:53:14,539 - INFO - write_register:252 - 寫入暫存器 999: 0 -> 40000
2025-06-12 13:53:14,540 - INFO - initialize_test_data:546 - 測試數據和註解初始化完成 (無符號 0-65535 範圍)
2025-06-12 13:53:14,540 - INFO - start_web_server:501 - 啟動Web管理介面於 http://127.0.0.1:8000
2025-06-12 13:53:15,541 - INFO - start_modbus_server:484 - 啟動Modbus TCP Server於 0.0.0.0:502, SlaveID: 1
2025-06-12 13:53:43,305 - INFO - load_comments:151 - 載入了 8 個暫存器註解
2025-06-12 13:53:43,308 - INFO - __init__:123 - Modbus TCP Server 應用程式初始化完成
2025-06-12 13:53:43,309 - INFO - run:567 - === Modbus TCP Server 啟動 (生產環境) ===
2025-06-12 13:53:43,309 - INFO - run:568 - Python 版本: 3.11.11 | packaged by Anaconda, Inc. | (main, Dec 11 2024, 16:34:19) [MSC v.1929 64 bit (AMD64)]
2025-06-12 13:53:43,309 - INFO - run:569 - 基礎路徑: c:\Users\user\Documents\GitHub\DobotM1Project\ModbusServer
2025-06-12 13:53:43,309 - INFO - write_register:252 - 寫入暫存器 0: 0 -> 100
2025-06-12 13:53:43,309 - INFO - write_register:252 - 寫入暫存器 1: 0 -> 200
2025-06-12 13:53:43,309 - INFO - write_register:252 - 寫入暫存器 10: 0 -> 1000
2025-06-12 13:53:43,309 - INFO - write_register:252 - 寫入暫存器 50: 0 -> 5000
2025-06-12 13:53:43,309 - INFO - write_register:252 - 寫入暫存器 100: 0 -> 12345
2025-06-12 13:53:43,309 - INFO - write_register:252 - 寫入暫存器 200: 0 -> 32768
2025-06-12 13:53:43,309 - INFO - write_register:252 - 寫入暫存器 500: 0 -> 65535
2025-06-12 13:53:43,309 - INFO - write_register:252 - 寫入暫存器 999: 0 -> 40000
2025-06-12 13:53:43,309 - INFO - initialize_test_data:546 - 測試數據和註解初始化完成 (無符號 0-65535 範圍)
2025-06-12 13:53:43,310 - INFO - start_web_server:501 - 啟動Web管理介面於 http://127.0.0.1:8000
2025-06-12 13:53:44,311 - INFO - start_modbus_server:484 - 啟動Modbus TCP Server於 0.0.0.0:502, SlaveID: 1
2025-06-12 13:57:13,273 - INFO - signal_handler:128 - 收到信號 2，正在優雅關閉伺服器...
2025-06-12 13:57:13,274 - INFO - shutdown:553 - 正在關閉伺服器...
2025-06-12 13:57:13,274 - INFO - shutdown:560 - 伺服器已關閉
2025-06-12 13:57:13,274 - INFO - shutdown:553 - 正在關閉伺服器...
2025-06-12 13:57:13,275 - INFO - shutdown:560 - 伺服器已關閉
2025-06-12 13:57:35,095 - INFO - load_comments:151 - 載入了 8 個暫存器註解
2025-06-12 13:57:35,098 - INFO - __init__:123 - Modbus TCP Server 應用程式初始化完成
2025-06-12 13:57:35,099 - INFO - run:567 - === Modbus TCP Server 啟動 (生產環境) ===
2025-06-12 13:57:35,099 - INFO - run:568 - Python 版本: 3.11.11 | packaged by Anaconda, Inc. | (main, Dec 11 2024, 16:34:19) [MSC v.1929 64 bit (AMD64)]
2025-06-12 13:57:35,099 - INFO - run:569 - 基礎路徑: c:\Users\user\Documents\GitHub\DobotM1Project\ModbusServer
2025-06-12 13:57:35,099 - INFO - write_register:252 - 寫入暫存器 0: 0 -> 100
2025-06-12 13:57:35,099 - INFO - write_register:252 - 寫入暫存器 1: 0 -> 200
2025-06-12 13:57:35,099 - INFO - write_register:252 - 寫入暫存器 10: 0 -> 1000
2025-06-12 13:57:35,099 - INFO - write_register:252 - 寫入暫存器 50: 0 -> 5000
2025-06-12 13:57:35,099 - INFO - write_register:252 - 寫入暫存器 100: 0 -> 12345
2025-06-12 13:57:35,099 - INFO - write_register:252 - 寫入暫存器 200: 0 -> 32768
2025-06-12 13:57:35,099 - INFO - write_register:252 - 寫入暫存器 500: 0 -> 65535
2025-06-12 13:57:35,099 - INFO - write_register:252 - 寫入暫存器 999: 0 -> 40000
2025-06-12 13:57:35,099 - INFO - initialize_test_data:546 - 測試數據和註解初始化完成 (無符號 0-65535 範圍)
2025-06-12 13:57:35,100 - INFO - start_web_server:501 - 啟動Web管理介面於 http://127.0.0.1:8000
2025-06-12 13:57:36,100 - INFO - start_modbus_server:484 - 啟動Modbus TCP Server於 0.0.0.0:502, SlaveID: 1
2025-06-12 13:58:00,970 - INFO - setValues:75 - 外部更新暫存器 501: 1
2025-06-12 13:58:00,970 - INFO - setValues:75 - 外部更新暫存器 502: 1
2025-06-12 13:58:00,970 - INFO - setValues:75 - 外部更新暫存器 503: 0
2025-06-12 13:58:00,970 - INFO - setValues:75 - 外部更新暫存器 504: 0
2025-06-12 13:58:00,970 - INFO - setValues:75 - 外部更新暫存器 505: 65535
2025-06-12 13:58:00,970 - INFO - setValues:75 - 外部更新暫存器 506: 1000
2025-06-12 13:58:00,970 - INFO - setValues:75 - 外部更新暫存器 507: 0
2025-06-12 13:58:00,970 - INFO - setValues:75 - 外部更新暫存器 508: 0
2025-06-12 13:58:00,970 - INFO - setValues:75 - 外部更新暫存器 509: 0
2025-06-12 13:58:00,970 - INFO - setValues:75 - 外部更新暫存器 510: 0
2025-06-12 13:58:00,971 - INFO - setValues:75 - 外部更新暫存器 511: 0
2025-06-12 13:58:00,971 - INFO - setValues:75 - 外部更新暫存器 512: 0
2025-06-12 13:58:00,971 - INFO - setValues:75 - 外部更新暫存器 513: 0
2025-06-12 13:58:00,971 - INFO - setValues:75 - 外部更新暫存器 514: 0
2025-06-12 13:58:00,971 - INFO - setValues:75 - 外部更新暫存器 515: 27752
2025-06-12 13:58:00,971 - INFO - setValues:75 - 外部更新暫存器 516: 0
2025-06-12 13:58:00,971 - INFO - setValues:75 - 外部更新暫存器 517: 0
2025-06-12 13:58:00,971 - INFO - setValues:75 - 外部更新暫存器 518: 0
2025-06-12 13:58:00,971 - INFO - setValues:75 - 外部更新暫存器 519: 0
2025-06-12 13:58:00,971 - INFO - setValues:75 - 外部更新暫存器 520: 0
2025-06-12 13:58:01,036 - INFO - setValues:75 - 外部更新暫存器 531: 1
2025-06-12 13:58:01,036 - INFO - setValues:75 - 外部更新暫存器 532: 1
2025-06-12 13:58:01,036 - INFO - setValues:75 - 外部更新暫存器 533: 0
2025-06-12 13:58:01,036 - INFO - setValues:75 - 外部更新暫存器 534: 0
2025-06-12 13:58:01,036 - INFO - setValues:75 - 外部更新暫存器 535: 65535
2025-06-12 13:58:01,036 - INFO - setValues:75 - 外部更新暫存器 536: 0
2025-06-12 13:58:01,036 - INFO - setValues:75 - 外部更新暫存器 537: 0
2025-06-12 13:58:01,036 - INFO - setValues:75 - 外部更新暫存器 538: 0
2025-06-12 13:58:01,036 - INFO - setValues:75 - 外部更新暫存器 539: 0
2025-06-12 13:58:01,036 - INFO - setValues:75 - 外部更新暫存器 540: 0
2025-06-12 14:05:31,653 - INFO - load_comments:152 - [U+8F09][U+5165][U+4E86] 8 [U+500B][U+66AB][U+5B58][U+5668][U+8A3B][U+89E3]
2025-06-12 14:05:31,656 - INFO - __init__:124 - Modbus TCP Server [U+61C9][U+7528][U+7A0B][U+5F0F][U+521D][U+59CB][U+5316][U+5B8C][U+6210]
2025-06-12 14:05:31,656 - INFO - run:568 - === Modbus TCP Server [U+555F][U+52D5] ([U+751F][U+7522][U+74B0][U+5883]) ===
2025-06-12 14:05:31,656 - INFO - run:569 - Python [U+7248][U+672C]: 3.11.11 | packaged by Anaconda, Inc. | (main, Dec 11 2024, 16:34:19) [MSC v.1929 64 bit (AMD64)]
2025-06-12 14:05:31,656 - INFO - run:570 - [U+57FA][U+790E][U+8DEF][U+5F91]: c:\Users\user\Documents\GitHub\DobotM1Project\ModbusServer
2025-06-12 14:05:31,656 - INFO - write_register:253 - [U+5BEB][U+5165][U+66AB][U+5B58][U+5668] 0: 0 -> 100
2025-06-12 14:05:31,656 - INFO - write_register:253 - [U+5BEB][U+5165][U+66AB][U+5B58][U+5668] 1: 0 -> 200
2025-06-12 14:05:31,656 - INFO - write_register:253 - [U+5BEB][U+5165][U+66AB][U+5B58][U+5668] 10: 0 -> 1000
2025-06-12 14:05:31,656 - INFO - write_register:253 - [U+5BEB][U+5165][U+66AB][U+5B58][U+5668] 50: 0 -> 5000
2025-06-12 14:05:31,656 - INFO - write_register:253 - [U+5BEB][U+5165][U+66AB][U+5B58][U+5668] 100: 0 -> 12345
2025-06-12 14:05:31,656 - INFO - write_register:253 - [U+5BEB][U+5165][U+66AB][U+5B58][U+5668] 200: 0 -> 32768
2025-06-12 14:05:31,657 - INFO - write_register:253 - [U+5BEB][U+5165][U+66AB][U+5B58][U+5668] 500: 0 -> 65535
2025-06-12 14:05:31,657 - INFO - write_register:253 - [U+5BEB][U+5165][U+66AB][U+5B58][U+5668] 999: 0 -> 40000
2025-06-12 14:05:31,657 - INFO - initialize_test_data:547 - [U+6E2C][U+8A66][U+6578][U+64DA][U+548C][U+8A3B][U+89E3][U+521D][U+59CB][U+5316][U+5B8C][U+6210] ([U+7121][U+7B26][U+865F] 0-65535 [U+7BC4][U+570D])
2025-06-12 14:05:31,657 - INFO - start_web_server:502 - [U+555F][U+52D5]Web[U+7BA1][U+7406][U+4ECB][U+9762][U+65BC] http://127.0.0.1:8000
2025-06-12 14:05:32,659 - INFO - start_modbus_server:485 - [U+555F][U+52D5]Modbus TCP Server[U+65BC] 0.0.0.0:502, SlaveID: 1
2025-06-12 14:05:54,498 - INFO - setValues:76 - [U+5916][U+90E8][U+66F4][U+65B0][U+66AB][U+5B58][U+5668] 501: 1
2025-06-12 14:05:54,498 - INFO - setValues:76 - [U+5916][U+90E8][U+66F4][U+65B0][U+66AB][U+5B58][U+5668] 502: 1
2025-06-12 14:05:54,498 - INFO - setValues:76 - [U+5916][U+90E8][U+66F4][U+65B0][U+66AB][U+5B58][U+5668] 503: 0
2025-06-12 14:05:54,498 - INFO - setValues:76 - [U+5916][U+90E8][U+66F4][U+65B0][U+66AB][U+5B58][U+5668] 504: 0
2025-06-12 14:05:54,498 - INFO - setValues:76 - [U+5916][U+90E8][U+66F4][U+65B0][U+66AB][U+5B58][U+5668] 505: 65535
2025-06-12 14:05:54,498 - INFO - setValues:76 - [U+5916][U+90E8][U+66F4][U+65B0][U+66AB][U+5B58][U+5668] 506: 1000
2025-06-12 14:05:54,498 - INFO - setValues:76 - [U+5916][U+90E8][U+66F4][U+65B0][U+66AB][U+5B58][U+5668] 507: 0
2025-06-12 14:05:54,498 - INFO - setValues:76 - [U+5916][U+90E8][U+66F4][U+65B0][U+66AB][U+5B58][U+5668] 508: 0
2025-06-12 14:05:54,498 - INFO - setValues:76 - [U+5916][U+90E8][U+66F4][U+65B0][U+66AB][U+5B58][U+5668] 509: 0
2025-06-12 14:05:54,498 - INFO - setValues:76 - [U+5916][U+90E8][U+66F4][U+65B0][U+66AB][U+5B58][U+5668] 510: 0
2025-06-12 14:05:54,498 - INFO - setValues:76 - [U+5916][U+90E8][U+66F4][U+65B0][U+66AB][U+5B58][U+5668] 511: 0
2025-06-12 14:05:54,498 - INFO - setValues:76 - [U+5916][U+90E8][U+66F4][U+65B0][U+66AB][U+5B58][U+5668] 512: 0
2025-06-12 14:10:47,805 - INFO - load_comments:152 - [U+8F09][U+5165][U+4E86] 8 [U+500B][U+66AB][U+5B58][U+5668][U+8A3B][U+89E3]
2025-06-12 14:10:47,808 - INFO - __init__:124 - Modbus TCP Server [U+61C9][U+7528][U+7A0B][U+5F0F][U+521D][U+59CB][U+5316][U+5B8C][U+6210]
2025-06-12 14:10:47,808 - INFO - run:568 - === Modbus TCP Server [U+555F][U+52D5] ([U+751F][U+7522][U+74B0][U+5883]) ===
2025-06-12 14:10:47,808 - INFO - run:569 - Python [U+7248][U+672C]: 3.11.11 | packaged by Anaconda, Inc. | (main, Dec 11 2024, 16:34:19) [MSC v.1929 64 bit (AMD64)]
2025-06-12 14:10:47,808 - INFO - run:570 - [U+57FA][U+790E][U+8DEF][U+5F91]: c:\Users\user\Documents\GitHub\DobotM1Project\ModbusServer
2025-06-12 14:10:47,808 - INFO - write_register:253 - [U+5BEB][U+5165][U+66AB][U+5B58][U+5668] 0: 0 -> 100
2025-06-12 14:10:47,808 - INFO - write_register:253 - [U+5BEB][U+5165][U+66AB][U+5B58][U+5668] 1: 0 -> 200
2025-06-12 14:10:47,808 - INFO - write_register:253 - [U+5BEB][U+5165][U+66AB][U+5B58][U+5668] 10: 0 -> 1000
2025-06-12 14:10:47,808 - INFO - write_register:253 - [U+5BEB][U+5165][U+66AB][U+5B58][U+5668] 50: 0 -> 5000
2025-06-12 14:10:47,808 - INFO - write_register:253 - [U+5BEB][U+5165][U+66AB][U+5B58][U+5668] 100: 0 -> 12345
2025-06-12 14:10:47,809 - INFO - write_register:253 - [U+5BEB][U+5165][U+66AB][U+5B58][U+5668] 200: 0 -> 32768
2025-06-12 14:10:47,809 - INFO - write_register:253 - [U+5BEB][U+5165][U+66AB][U+5B58][U+5668] 500: 0 -> 65535
2025-06-12 14:10:47,809 - INFO - write_register:253 - [U+5BEB][U+5165][U+66AB][U+5B58][U+5668] 999: 0 -> 40000
2025-06-12 14:10:47,809 - INFO - initialize_test_data:547 - [U+6E2C][U+8A66][U+6578][U+64DA][U+548C][U+8A3B][U+89E3][U+521D][U+59CB][U+5316][U+5B8C][U+6210] ([U+7121][U+7B26][U+865F] 0-65535 [U+7BC4][U+570D])
2025-06-12 14:10:47,809 - INFO - start_web_server:502 - [U+555F][U+52D5]Web[U+7BA1][U+7406][U+4ECB][U+9762][U+65BC] http://127.0.0.1:8000
2025-06-12 14:10:48,810 - INFO - start_modbus_server:485 - [U+555F][U+52D5]Modbus TCP Server[U+65BC] 0.0.0.0:502, SlaveID: 1
2025-06-12 14:10:51,708 - INFO - setValues:76 - [U+5916][U+90E8][U+66F4][U+65B0][U+66AB][U+5B58][U+5668] 601: 1
2025-06-12 14:10:51,708 - INFO - setValues:76 - [U+5916][U+90E8][U+66F4][U+65B0][U+66AB][U+5B58][U+5668] 604: 0
2025-06-12 14:10:51,708 - INFO - setValues:76 - [U+5916][U+90E8][U+66F4][U+65B0][U+66AB][U+5B58][U+5668] 613: 0
2025-06-12 14:10:51,708 - INFO - setValues:76 - [U+5916][U+90E8][U+66F4][U+65B0][U+66AB][U+5B58][U+5668] 614: 0
2025-06-12 14:10:51,773 - INFO - setValues:76 - [U+5916][U+90E8][U+66F4][U+65B0][U+66AB][U+5B58][U+5668] 602: 1
2025-06-12 14:10:51,773 - INFO - setValues:76 - [U+5916][U+90E8][U+66F4][U+65B0][U+66AB][U+5B58][U+5668] 605: 0
2025-06-12 14:10:51,773 - INFO - setValues:76 - [U+5916][U+90E8][U+66F4][U+65B0][U+66AB][U+5B58][U+5668] 609: 0
2025-06-12 14:10:51,773 - INFO - setValues:76 - [U+5916][U+90E8][U+66F4][U+65B0][U+66AB][U+5B58][U+5668] 606: 0
2025-06-12 14:10:51,773 - INFO - setValues:76 - [U+5916][U+90E8][U+66F4][U+65B0][U+66AB][U+5B58][U+5668] 610: 0
2025-06-12 14:10:51,774 - INFO - setValues:76 - [U+5916][U+90E8][U+66F4][U+65B0][U+66AB][U+5B58][U+5668] 607: 0
2025-06-12 14:10:51,774 - INFO - setValues:76 - [U+5916][U+90E8][U+66F4][U+65B0][U+66AB][U+5B58][U+5668] 611: 0
2025-06-12 14:10:51,774 - INFO - setValues:76 - [U+5916][U+90E8][U+66F4][U+65B0][U+66AB][U+5B58][U+5668] 608: 0
2025-06-12 14:20:24,212 - INFO - load_comments:152 - [U+8F09][U+5165][U+4E86] 8 [U+500B][U+66AB][U+5B58][U+5668][U+8A3B][U+89E3]
2025-06-12 14:20:24,215 - INFO - __init__:124 - Modbus TCP Server [U+61C9][U+7528][U+7A0B][U+5F0F][U+521D][U+59CB][U+5316][U+5B8C][U+6210]
2025-06-12 14:20:24,215 - INFO - run:568 - === Modbus TCP Server [U+555F][U+52D5] ([U+751F][U+7522][U+74B0][U+5883]) ===
2025-06-12 14:20:24,215 - INFO - run:569 - Python [U+7248][U+672C]: 3.11.11 | packaged by Anaconda, Inc. | (main, Dec 11 2024, 16:34:19) [MSC v.1929 64 bit (AMD64)]
2025-06-12 14:20:24,215 - INFO - run:570 - [U+57FA][U+790E][U+8DEF][U+5F91]: c:\Users\user\Documents\GitHub\DobotM1Project\ModbusServer
2025-06-12 14:20:24,215 - INFO - write_register:253 - [U+5BEB][U+5165][U+66AB][U+5B58][U+5668] 0: 0 -> 100
2025-06-12 14:20:24,215 - INFO - write_register:253 - [U+5BEB][U+5165][U+66AB][U+5B58][U+5668] 1: 0 -> 200
2025-06-12 14:20:24,215 - INFO - write_register:253 - [U+5BEB][U+5165][U+66AB][U+5B58][U+5668] 10: 0 -> 1000
2025-06-12 14:20:24,215 - INFO - write_register:253 - [U+5BEB][U+5165][U+66AB][U+5B58][U+5668] 50: 0 -> 5000
2025-06-12 14:20:24,215 - INFO - write_register:253 - [U+5BEB][U+5165][U+66AB][U+5B58][U+5668] 100: 0 -> 12345
2025-06-12 14:20:24,215 - INFO - write_register:253 - [U+5BEB][U+5165][U+66AB][U+5B58][U+5668] 200: 0 -> 32768
2025-06-12 14:20:24,215 - INFO - write_register:253 - [U+5BEB][U+5165][U+66AB][U+5B58][U+5668] 500: 0 -> 65535
2025-06-12 14:20:24,215 - INFO - write_register:253 - [U+5BEB][U+5165][U+66AB][U+5B58][U+5668] 999: 0 -> 40000
2025-06-12 14:20:24,216 - INFO - initialize_test_data:547 - [U+6E2C][U+8A66][U+6578][U+64DA][U+548C][U+8A3B][U+89E3][U+521D][U+59CB][U+5316][U+5B8C][U+6210] ([U+7121][U+7B26][U+865F] 0-65535 [U+7BC4][U+570D])
2025-06-12 14:20:24,216 - INFO - start_web_server:502 - [U+555F][U+52D5]Web[U+7BA1][U+7406][U+4ECB][U+9762][U+65BC] http://127.0.0.1:8000
2025-06-12 14:20:25,217 - INFO - start_modbus_server:485 - [U+555F][U+52D5]Modbus TCP Server[U+65BC] 0.0.0.0:502, SlaveID: 1
2025-06-12 14:20:51,805 - INFO - setValues:76 - [U+5916][U+90E8][U+66F4][U+65B0][U+66AB][U+5B58][U+5668] 601: 1
2025-06-12 14:20:51,806 - INFO - setValues:76 - [U+5916][U+90E8][U+66F4][U+65B0][U+66AB][U+5B58][U+5668] 604: 0
2025-06-12 14:20:51,806 - INFO - setValues:76 - [U+5916][U+90E8][U+66F4][U+65B0][U+66AB][U+5B58][U+5668] 613: 0
2025-06-12 14:20:51,806 - INFO - setValues:76 - [U+5916][U+90E8][U+66F4][U+65B0][U+66AB][U+5B58][U+5668] 614: 0
2025-06-12 14:20:51,869 - INFO - setValues:76 - [U+5916][U+90E8][U+66F4][U+65B0][U+66AB][U+5B58][U+5668] 602: 1
2025-06-12 14:20:51,869 - INFO - setValues:76 - [U+5916][U+90E8][U+66F4][U+65B0][U+66AB][U+5B58][U+5668] 605: 0
2025-06-12 14:20:51,869 - INFO - setValues:76 - [U+5916][U+90E8][U+66F4][U+65B0][U+66AB][U+5B58][U+5668] 609: 0
2025-06-12 14:20:51,870 - INFO - setValues:76 - [U+5916][U+90E8][U+66F4][U+65B0][U+66AB][U+5B58][U+5668] 606: 0
2025-06-12 14:20:51,870 - INFO - setValues:76 - [U+5916][U+90E8][U+66F4][U+65B0][U+66AB][U+5B58][U+5668] 610: 0
2025-06-12 14:20:51,870 - INFO - setValues:76 - [U+5916][U+90E8][U+66F4][U+65B0][U+66AB][U+5B58][U+5668] 607: 0
2025-06-12 14:20:51,870 - INFO - setValues:76 - [U+5916][U+90E8][U+66F4][U+65B0][U+66AB][U+5B58][U+5668] 611: 0
2025-06-12 14:20:51,871 - INFO - setValues:76 - [U+5916][U+90E8][U+66F4][U+65B0][U+66AB][U+5B58][U+5668] 608: 0
