2025-06-10 01:19:16,758 - ERROR - RTU寫入失敗: ExceptionResponse(dev_id=2, function_code=134, exception_code=3)
2025-06-10 01:19:26,996 - ERROR - RTU寫入失敗: ExceptionResponse(dev_id=2, function_code=134, exception_code=3)
2025-06-10 03:07:48,521 - ERROR - No response received after 3 retries, continue with next request
2025-06-10 03:07:48,521 - ERROR - RTU寫入異常: Modbus Error: [Input/Output] No response received after 3 retries, continue with next request
2025-06-10 03:08:01,881 - ERROR - No response received after 3 retries, continue with next request
2025-06-10 03:08:01,881 - ERROR - RTU寫入異常: Modbus Error: [Input/Output] No response received after 3 retries, continue with next request
2025-06-10 03:09:15,654 - ERROR - Connection to (127.0.0.1, 502) failed: timed out
2025-06-10 03:14:36,278 - ERROR - 指令讀取失敗: [WinError 10054] 遠端主機已強制關閉一個現存的連線。
2025-06-10 03:14:36,278 - ERROR - Modbus操作失敗: [WinError 10054] 遠端主機已強制關閉一個現存的連線。
2025-06-10 03:14:36,278 - ERROR - 指令讀取失敗: [WinError 10054] 遠端主機已強制關閉一個現存的連線。
2025-06-10 03:14:36,279 - ERROR - Modbus操作失敗: [WinError 10054] 遠端主機已強制關閉一個現存的連線。
2025-06-10 03:14:36,299 - ERROR - 指令讀取失敗: [WinError 10054] 遠端主機已強制關閉一個現存的連線。
2025-06-10 03:14:36,299 - ERROR - Modbus操作失敗: [WinError 10054] 遠端主機已強制關閉一個現存的連線。
2025-06-10 03:14:36,320 - ERROR - 指令讀取失敗: [WinError 10054] 遠端主機已強制關閉一個現存的連線。
2025-06-10 03:14:36,320 - ERROR - Modbus操作失敗: [WinError 10054] 遠端主機已強制關閉一個現存的連線。
2025-06-10 03:14:36,340 - ERROR - 指令讀取失敗: [WinError 10054] 遠端主機已強制關閉一個現存的連線。
2025-06-10 03:14:36,340 - ERROR - Modbus操作失敗: [WinError 10054] 遠端主機已強制關閉一個現存的連線。
2025-06-10 03:14:36,361 - ERROR - 指令讀取失敗: [WinError 10054] 遠端主機已強制關閉一個現存的連線。
2025-06-10 03:14:36,361 - ERROR - Modbus操作失敗: [WinError 10054] 遠端主機已強制關閉一個現存的連線。
2025-06-10 03:14:36,382 - ERROR - 指令讀取失敗: [WinError 10054] 遠端主機已強制關閉一個現存的連線。
2025-06-10 03:14:36,382 - ERROR - Modbus操作失敗: [WinError 10054] 遠端主機已強制關閉一個現存的連線。
2025-06-10 03:14:36,403 - ERROR - 指令讀取失敗: [WinError 10054] 遠端主機已強制關閉一個現存的連線。
2025-06-10 03:14:36,403 - ERROR - Modbus操作失敗: [WinError 10054] 遠端主機已強制關閉一個現存的連線。
2025-06-10 03:14:36,424 - ERROR - 指令讀取失敗: [WinError 10054] 遠端主機已強制關閉一個現存的連線。
2025-06-10 03:14:36,424 - ERROR - Modbus操作失敗: [WinError 10054] 遠端主機已強制關閉一個現存的連線。
2025-06-10 03:14:36,445 - ERROR - 指令讀取失敗: [WinError 10054] 遠端主機已強制關閉一個現存的連線。
2025-06-10 03:14:36,445 - ERROR - Modbus操作失敗: [WinError 10054] 遠端主機已強制關閉一個現存的連線。
2025-06-10 03:14:36,466 - ERROR - 指令讀取失敗: [WinError 10054] 遠端主機已強制關閉一個現存的連線。
2025-06-10 03:14:37,493 - ERROR - Connection to (127.0.0.1, 502) failed: timed out
2025-06-10 03:14:38,497 - ERROR - Connection to (127.0.0.1, 502) failed: timed out
2025-06-10 03:14:39,503 - ERROR - Connection to (127.0.0.1, 502) failed: timed out
2025-06-10 03:15:52,229 - ERROR - No response received after 3 retries, continue with next request
2025-06-10 03:15:52,229 - ERROR - RTU寫入異常: Modbus Error: [Input/Output] No response received after 3 retries, continue with next request
2025-06-10 03:19:29,913 - ERROR - No response received after 3 retries, continue with next request
2025-06-10 03:19:29,913 - ERROR - RTU寫入異常: Modbus Error: [Input/Output] No response received after 3 retries, continue with next request
2025-06-10 03:29:15,311 - ERROR - No response received after 3 retries, continue with next request
2025-06-10 03:29:15,311 - ERROR - RTU寫入異常: Modbus Error: [Input/Output] No response received after 3 retries, continue with next request
2025-06-10 03:41:58,072 - ERROR - 指令讀取失敗: [WinError 10054] 遠端主機已強制關閉一個現存的連線。
2025-06-10 03:41:58,072 - ERROR - Modbus操作失敗: [WinError 10054] 遠端主機已強制關閉一個現存的連線。
2025-06-10 03:41:58,077 - ERROR - 指令讀取失敗: [WinError 10054] 遠端主機已強制關閉一個現存的連線。
2025-06-10 03:41:58,077 - ERROR - Modbus操作失敗: [WinError 10054] 遠端主機已強制關閉一個現存的連線。
2025-06-10 03:41:58,098 - ERROR - 指令讀取失敗: [WinError 10054] 遠端主機已強制關閉一個現存的連線。
2025-06-10 03:41:58,098 - ERROR - Modbus操作失敗: [WinError 10054] 遠端主機已強制關閉一個現存的連線。
2025-06-10 03:41:58,118 - ERROR - 指令讀取失敗: [WinError 10054] 遠端主機已強制關閉一個現存的連線。
2025-06-10 03:41:58,118 - ERROR - Modbus操作失敗: [WinError 10054] 遠端主機已強制關閉一個現存的連線。
2025-06-10 03:41:58,139 - ERROR - 指令讀取失敗: [WinError 10054] 遠端主機已強制關閉一個現存的連線。
2025-06-10 03:41:58,139 - ERROR - Modbus操作失敗: [WinError 10054] 遠端主機已強制關閉一個現存的連線。
2025-06-10 03:41:58,160 - ERROR - 指令讀取失敗: [WinError 10054] 遠端主機已強制關閉一個現存的連線。
2025-06-10 03:41:58,160 - ERROR - Modbus操作失敗: [WinError 10054] 遠端主機已強制關閉一個現存的連線。
2025-06-10 03:41:58,181 - ERROR - 指令讀取失敗: [WinError 10054] 遠端主機已強制關閉一個現存的連線。
2025-06-10 03:41:58,181 - ERROR - Modbus操作失敗: [WinError 10054] 遠端主機已強制關閉一個現存的連線。
2025-06-10 03:41:58,202 - ERROR - 指令讀取失敗: [WinError 10054] 遠端主機已強制關閉一個現存的連線。
2025-06-10 03:41:58,202 - ERROR - Modbus操作失敗: [WinError 10054] 遠端主機已強制關閉一個現存的連線。
2025-06-10 03:41:58,223 - ERROR - 指令讀取失敗: [WinError 10054] 遠端主機已強制關閉一個現存的連線。
2025-06-10 03:41:58,223 - ERROR - Modbus操作失敗: [WinError 10054] 遠端主機已強制關閉一個現存的連線。
2025-06-10 03:41:58,243 - ERROR - 指令讀取失敗: [WinError 10054] 遠端主機已強制關閉一個現存的連線。
2025-06-10 03:41:58,243 - ERROR - Modbus操作失敗: [WinError 10054] 遠端主機已強制關閉一個現存的連線。
2025-06-10 03:41:58,264 - ERROR - 指令讀取失敗: [WinError 10054] 遠端主機已強制關閉一個現存的連線。
2025-06-10 03:41:59,288 - ERROR - Connection to (127.0.0.1, 502) failed: timed out
2025-06-10 03:42:00,303 - ERROR - Connection to (127.0.0.1, 502) failed: timed out
2025-06-10 03:42:01,305 - ERROR - Connection to (127.0.0.1, 502) failed: timed out
