2025-06-09 21:50:13,247 - XCModule.XC100_01 - INFO - 初始化XC100動作模組: XC100_01
2025-06-09 21:50:13,247 - XCModule.XC100_01 - INFO - XC100動作模組初始化完成
2025-06-09 21:50:13,248 - XCModule.XC100_01 - INFO - 正在啟動XC100動作模組: XC100_01
2025-06-09 21:50:13,248 - XCModule.XC100_01 - INFO - 正在連接主Modbus Server: 127.0.0.1:502
2025-06-09 21:50:13,250 - XCModule.XC100_01 - INFO - ✅ 主Modbus Server連接成功
2025-06-09 21:50:13,251 - XCModule.XC100_01 - INFO - 正在連線XC100設備: COM5
2025-06-09 21:50:13,251 - pymodbus.logging - ERROR - could not open port 'COM5': PermissionError(13, '存取被拒。', None, 5)
2025-06-09 21:50:13,253 - XCModule.XC100_01 - ERROR - ❌ XC100設備連線失敗
2025-06-09 21:50:13,253 - XCModule.XC100_01 - WARNING - XC100設備連線失敗，但模組將繼續運行
2025-06-09 21:50:13,253 - XCModule.XC100_01 - INFO - 🔄 XC100動作模組狀態機開始運行
2025-06-09 21:50:13,253 - XCModule.XC100_01 - INFO - 狀態機已啟動
2025-06-09 21:50:13,254 - XCModule.XC100_01 - INFO - ✅ XC100動作模組啟動成功: XC100_01
2025-06-09 21:50:46,746 - XCModule.XC100_01 - INFO - 正在停止XC100動作模組: XC100_01
2025-06-09 21:50:47,302 - XCModule.XC100_01 - INFO - 🛑 XC100動作模組狀態機停止運行
2025-06-09 21:50:47,302 - XCModule.XC100_01 - INFO - 狀態機已停止
2025-06-09 21:50:47,302 - XCModule.XC100_01 - INFO - 主Modbus Server連接已斷開
2025-06-09 21:50:47,303 - XCModule.XC100_01 - INFO - ✅ XC100動作模組已停止: XC100_01
2025-06-09 21:50:49,450 - XCModule.XC100_01 - INFO - 初始化XC100動作模組: XC100_01
2025-06-09 21:50:49,450 - XCModule.XC100_01 - INFO - XC100動作模組初始化完成
2025-06-09 21:50:49,450 - XCModule.XC100_01 - INFO - 正在啟動XC100動作模組: XC100_01
2025-06-09 21:50:49,450 - XCModule.XC100_01 - INFO - 正在連接主Modbus Server: 127.0.0.1:502
2025-06-09 21:50:49,453 - XCModule.XC100_01 - INFO - ✅ 主Modbus Server連接成功
2025-06-09 21:50:49,453 - XCModule.XC100_01 - INFO - 正在連線XC100設備: COM5
2025-06-09 21:50:49,456 - XCModule.XC100_01 - INFO - ✅ XC100設備連線成功
2025-06-09 21:50:51,890 - XCModule.XC100_01 - INFO - 🔄 XC100動作模組狀態機開始運行
2025-06-09 21:50:51,890 - XCModule.XC100_01 - INFO - 狀態機已啟動
2025-06-09 21:50:51,891 - XCModule.XC100_01 - INFO - ✅ XC100動作模組啟動成功: XC100_01
2025-06-09 21:51:45,155 - XCModule.XC100_01 - INFO - 收到主服務器指令: SERVO_ON, 參數: 0, 0, ID: 59113
2025-06-09 21:51:45,155 - XCModule.XC100_01 - INFO - 🎯 執行指令: SERVO_ON, 參數: 0, 0
2025-06-09 21:51:46,162 - XCModule.XC100_01 - INFO - ✅ Servo ON 指令發送成功
2025-06-09 21:51:46,163 - XCModule.XC100_01 - INFO - ✅ 指令執行完成，已清除指令寄存器
2025-06-09 21:51:52,592 - XCModule.XC100_01 - INFO - 指令完成: SERVO_ON
2025-06-09 21:53:47,901 - pymodbus.logging - ERROR - No response received after 3 retries, continue with next request
2025-06-09 21:53:56,833 - pymodbus.logging - ERROR - No response received after 3 retries, continue with next request
2025-06-09 21:54:11,566 - pymodbus.logging - ERROR - No response received after 3 retries, continue with next request
2025-06-09 21:54:58,898 - pymodbus.logging - ERROR - No response received after 3 retries, continue with next request
2025-06-09 21:55:22,749 - XCModule.XC100_01 - INFO - 收到主服務器指令: MOVE_ABS, 參數: 400, 0, ID: 59336
2025-06-09 21:55:22,749 - XCModule.XC100_01 - INFO - 🎯 執行指令: MOVE_ABS, 參數: 400, 0
2025-06-09 21:55:24,764 - XCModule.XC100_01 - INFO - ✅ 移動到位置 400 指令發送成功
2025-06-09 21:55:24,765 - XCModule.XC100_01 - INFO - ✅ 指令執行完成，已清除指令寄存器
2025-06-09 21:55:29,195 - XCModule.XC100_01 - INFO - 指令完成: MOVE_ABS
2025-06-09 21:55:35,625 - XCModule.XC100_01 - INFO - 收到主服務器指令: MOVE_ABS, 參數: 2682, 0, ID: 59351
2025-06-09 21:55:35,626 - XCModule.XC100_01 - INFO - 🎯 執行指令: MOVE_ABS, 參數: 2682, 0
2025-06-09 21:55:43,656 - XCModule.XC100_01 - INFO - ✅ 移動到位置 2682 指令發送成功
2025-06-09 21:55:43,657 - XCModule.XC100_01 - INFO - ✅ 指令執行完成，已清除指令寄存器
2025-06-09 21:55:46,086 - XCModule.XC100_01 - WARNING - 指令執行超時: MOVE_ABS
2025-06-09 21:56:00,546 - XCModule.XC100_01 - INFO - 收到主服務器指令: MOVE_ABS, 參數: 400, 0, ID: 59367
2025-06-09 21:56:00,546 - XCModule.XC100_01 - INFO - 🎯 執行指令: MOVE_ABS, 參數: 400, 0
2025-06-09 21:56:02,562 - XCModule.XC100_01 - INFO - ✅ 移動到位置 400 指令發送成功
2025-06-09 21:56:02,564 - XCModule.XC100_01 - INFO - ✅ 指令執行完成，已清除指令寄存器
2025-06-09 21:56:08,994 - XCModule.XC100_01 - INFO - 指令完成: MOVE_ABS
2025-06-09 22:00:04,374 - pymodbus.logging - ERROR - No response received after 3 retries, continue with next request
2025-06-09 22:00:41,232 - XCModule.XC100_01 - INFO - 正在停止XC100動作模組: XC100_01
2025-06-09 22:00:44,243 - XCModule.XC100_01 - INFO - 狀態機已停止
2025-06-09 22:00:44,352 - XCModule.XC100_01 - INFO - XC100設備連線已斷開
2025-06-09 22:00:44,352 - XCModule.XC100_01 - INFO - 主Modbus Server連接已斷開
2025-06-09 22:00:44,352 - XCModule.XC100_01 - INFO - ✅ XC100動作模組已停止: XC100_01
